<?xml version="1.0" encoding="UTF-8"?>
<!-- Generated by org.testng.reporters.JUnitReportReporter -->
<testsuite skipped="0" hostname="DESKTOP-L0JOL9N" name="com.data.DataDriven" tests="4" failures="0" timestamp="19 Mar 2018 13:04:53 GMT" time="77.087" errors="0">
  <testcase name="DataDrivenTest1" time="18.977" classname="com.data.DataDriven"/>
  <testcase name="DataDrivenTest1" time="20.162" classname="com.data.DataDriven"/>
  <testcase name="DataDrivenTest1" time="18.928" classname="com.data.DataDriven"/>
  <testcase name="DataDrivenTest1" time="19.020" classname="com.data.DataDriven"/>
</testsuite> <!-- com.data.DataDriven -->
